# JRE version: Java(TM) SE Runtime Environment (8.0_361) (build 1.8.0_361-b09)
# Java VM: Java HotSpot(TM) 64-Bit Server VM (25.361-b09 mixed mode windows-amd64 compressed oops)
Heap:
 PSYoungGen      total 1350144K, used 1246602K [0x0000000740e00000, 0x0000000797600000, 0x00000007c0000000)
  eden space 1331200K, 93% used [0x0000000740e00000,0x000000078ccaa7b8,0x0000000792200000)
  from space 18944K, 14% used [0x0000000796380000,0x0000000796638070,0x0000000797600000)
  to   space 43008K, 0% used [0x0000000792200000,0x0000000792200000,0x0000000794c00000)
 ParOldGen       total 378880K, used 111892K [0x0000000642a00000, 0x0000000659c00000, 0x0000000740e00000)
  object space 378880K, 29% used [0x0000000642a00000,0x00000006497452a0,0x0000000659c00000)
 Metaspace       used 101141K, capacity 107746K, committed 107840K, reserved 1144832K
  class space    used 12217K, capacity 13354K, committed 13440K, reserved 1048576K
GC Heap History (10 events):
Event: 34.524 GC heap before
{Heap before GC invocations=20 (full 3):
 PSYoungGen      total 1078784K, used 1078533K [0x0000000740e00000, 0x0000000785300000, 0x00000007c0000000)
  eden space 1055232K, 100% used [0x0000000740e00000,0x0000000781480000,0x0000000781480000)
  from space 23552K, 98% used [0x0000000783c00000,0x00000007852c14a0,0x0000000785300000)
  to   space 27648K, 0% used [0x0000000781d00000,0x0000000781d00000,0x0000000783800000)
 ParOldGen       total 218624K, used 71052K [0x0000000642a00000, 0x000000064ff80000, 0x0000000740e00000)
  object space 218624K, 32% used [0x0000000642a00000,0x0000000646f63108,0x000000064ff80000)
 Metaspace       used 90227K, capacity 96114K, committed 96344K, reserved 1134592K
  class space    used 10882K, capacity 11892K, committed 11904K, reserved 1048576K
Event: 34.553 GC heap after
Heap after GC invocations=20 (full 3):
 PSYoungGen      total 1091584K, used 27632K [0x0000000740e00000, 0x000000078fe80000, 0x00000007c0000000)
  eden space 1063936K, 0% used [0x0000000740e00000,0x0000000740e00000,0x0000000781d00000)
  from space 27648K, 99% used [0x0000000781d00000,0x00000007837fc090,0x0000000783800000)
  to   space 44544K, 0% used [0x000000078d300000,0x000000078d300000,0x000000078fe80000)
 ParOldGen       total 218624K, used 106047K [0x0000000642a00000, 0x000000064ff80000, 0x0000000740e00000)
  object space 218624K, 48% used [0x0000000642a00000,0x000000064918fc98,0x000000064ff80000)
 Metaspace       used 90227K, capacity 96114K, committed 96344K, reserved 1134592K
  class space    used 10882K, capacity 11892K, committed 11904K, reserved 1048576K
}
Event: 36.344 GC heap before
{Heap before GC invocations=21 (full 3):
 PSYoungGen      total 1091584K, used 112320K [0x0000000740e00000, 0x000000078fe80000, 0x00000007c0000000)
  eden space 1063936K, 7% used [0x0000000740e00000,0x00000007460b4350,0x0000000781d00000)
  from space 27648K, 99% used [0x0000000781d00000,0x00000007837fc090,0x0000000783800000)
  to   space 44544K, 0% used [0x000000078d300000,0x000000078d300000,0x000000078fe80000)
 ParOldGen       total 218624K, used 106047K [0x0000000642a00000, 0x000000064ff80000, 0x0000000740e00000)
  object space 218624K, 48% used [0x0000000642a00000,0x000000064918fc98,0x000000064ff80000)
 Metaspace       used 92410K, capacity 98456K, committed 98496K, reserved 1136640K
  class space    used 11209K, capacity 12257K, committed 12288K, reserved 1048576K
Event: 36.358 GC heap after
Heap after GC invocations=21 (full 3):
 PSYoungGen      total 1250304K, used 2516K [0x0000000740e00000, 0x0000000790400000, 0x00000007c0000000)
  eden space 1205760K, 0% used [0x0000000740e00000,0x0000000740e00000,0x000000078a780000)
  from space 44544K, 5% used [0x000000078d300000,0x000000078d5752e0,0x000000078fe80000)
  to   space 44544K, 0% used [0x000000078a780000,0x000000078a780000,0x000000078d300000)
 ParOldGen       total 218624K, used 133812K [0x0000000642a00000, 0x000000064ff80000, 0x0000000740e00000)
  object space 218624K, 61% used [0x0000000642a00000,0x000000064acad238,0x000000064ff80000)
 Metaspace       used 92410K, capacity 98456K, committed 98496K, reserved 1136640K
  class space    used 11209K, capacity 12257K, committed 12288K, reserved 1048576K
}
Event: 36.358 GC heap before
{Heap before GC invocations=22 (full 4):
 PSYoungGen      total 1250304K, used 2516K [0x0000000740e00000, 0x0000000790400000, 0x00000007c0000000)
  eden space 1205760K, 0% used [0x0000000740e00000,0x0000000740e00000,0x000000078a780000)
  from space 44544K, 5% used [0x000000078d300000,0x000000078d5752e0,0x000000078fe80000)
  to   space 44544K, 0% used [0x000000078a780000,0x000000078a780000,0x000000078d300000)
 ParOldGen       total 218624K, used 133812K [0x0000000642a00000, 0x000000064ff80000, 0x0000000740e00000)
  object space 218624K, 61% used [0x0000000642a00000,0x000000064acad238,0x000000064ff80000)
 Metaspace       used 92410K, capacity 98456K, committed 98496K, reserved 1136640K
  class space    used 11209K, capacity 12257K, committed 12288K, reserved 1048576K
Event: 36.573 GC heap after
Heap after GC invocations=22 (full 4):
 PSYoungGen      total 1250304K, used 0K [0x0000000740e00000, 0x0000000790400000, 0x00000007c0000000)
  eden space 1205760K, 0% used [0x0000000740e00000,0x0000000740e00000,0x000000078a780000)
  from space 44544K, 0% used [0x000000078d300000,0x000000078d300000,0x000000078fe80000)
  to   space 44544K, 0% used [0x000000078a780000,0x000000078a780000,0x000000078d300000)
 ParOldGen       total 378880K, used 111876K [0x0000000642a00000, 0x0000000659c00000, 0x0000000740e00000)
  object space 378880K, 29% used [0x0000000642a00000,0x00000006497412a0,0x0000000659c00000)
 Metaspace       used 92410K, capacity 98456K, committed 98496K, reserved 1136640K
  class space    used 11209K, capacity 12257K, committed 12288K, reserved 1048576K
}
Event: 73.293 GC heap before
{Heap before GC invocations=23 (full 4):
 PSYoungGen      total 1250304K, used 1205760K [0x0000000740e00000, 0x0000000790400000, 0x00000007c0000000)
  eden space 1205760K, 100% used [0x0000000740e00000,0x000000078a780000,0x000000078a780000)
  from space 44544K, 0% used [0x000000078d300000,0x000000078d300000,0x000000078fe80000)
  to   space 44544K, 0% used [0x000000078a780000,0x000000078a780000,0x000000078d300000)
 ParOldGen       total 378880K, used 111876K [0x0000000642a00000, 0x0000000659c00000, 0x0000000740e00000)
  object space 378880K, 29% used [0x0000000642a00000,0x00000006497412a0,0x0000000659c00000)
 Metaspace       used 99670K, capacity 106212K, committed 106304K, reserved 1142784K
  class space    used 11987K, capacity 13125K, committed 13184K, reserved 1048576K
Event: 73.310 GC heap after
Heap after GC invocations=23 (full 4):
 PSYoungGen      total 1250304K, used 7259K [0x0000000740e00000, 0x0000000798e00000, 0x00000007c0000000)
  eden space 1205760K, 0% used [0x0000000740e00000,0x0000000740e00000,0x000000078a780000)
  from space 44544K, 16% used [0x000000078a780000,0x000000078ae96fb0,0x000000078d300000)
  to   space 43520K, 0% used [0x0000000796380000,0x0000000796380000,0x0000000798e00000)
 ParOldGen       total 378880K, used 111884K [0x0000000642a00000, 0x0000000659c00000, 0x0000000740e00000)
  object space 378880K, 29% used [0x0000000642a00000,0x00000006497432a0,0x0000000659c00000)
 Metaspace       used 99670K, capacity 106212K, committed 106304K, reserved 1142784K
  class space    used 11987K, capacity 13125K, committed 13184K, reserved 1048576K
}
Event: 78.670 GC heap before
{Heap before GC invocations=24 (full 4):
 PSYoungGen      total 1250304K, used 1213019K [0x0000000740e00000, 0x0000000798e00000, 0x00000007c0000000)
  eden space 1205760K, 100% used [0x0000000740e00000,0x000000078a780000,0x000000078a780000)
  from space 44544K, 16% used [0x000000078a780000,0x000000078ae96fb0,0x000000078d300000)
  to   space 43520K, 0% used [0x0000000796380000,0x0000000796380000,0x0000000798e00000)
 ParOldGen       total 378880K, used 111884K [0x0000000642a00000, 0x0000000659c00000, 0x0000000740e00000)
  object space 378880K, 29% used [0x0000000642a00000,0x00000006497432a0,0x0000000659c00000)
 Metaspace       used 99677K, capacity 106212K, committed 106304K, reserved 1142784K
  class space    used 11988K, capacity 13125K, committed 13184K, reserved 1048576K
Event: 78.676 GC heap after
Heap after GC invocations=24 (full 4):
 PSYoungGen      total 1350144K, used 2784K [0x0000000740e00000, 0x0000000797600000, 0x00000007c0000000)
  eden space 1331200K, 0% used [0x0000000740e00000,0x0000000740e00000,0x0000000792200000)
  from space 18944K, 14% used [0x0000000796380000,0x0000000796638070,0x0000000797600000)
  to   space 43008K, 0% used [0x0000000792200000,0x0000000792200000,0x0000000794c00000)
 ParOldGen       total 378880K, used 111892K [0x0000000642a00000, 0x0000000659c00000, 0x0000000740e00000)
  object space 378880K, 29% used [0x0000000642a00000,0x00000006497452a0,0x0000000659c00000)
 Metaspace       used 99677K, capacity 106212K, committed 106304K, reserved 1142784K
  class space    used 11988K, capacity 13125K, committed 13184K, reserved 1048576K
}

