# JRE version: Java(TM) SE Runtime Environment (8.0_361) (build 1.8.0_361-b09)
# Java VM: Java HotSpot(TM) 64-Bit Server VM (25.361-b09 mixed mode windows-amd64 compressed oops)
Heap:
 PSYoungGen      total 114176K, used 94161K [0x0000000740e00000, 0x000000074c380000, 0x00000007c0000000)
  eden space 79872K, 95% used [0x0000000740e00000,0x000000074589d158,0x0000000745c00000)
  from space 34304K, 51% used [0x0000000745c00000,0x0000000746d575a0,0x0000000747d80000)
  to   space 33792K, 0% used [0x000000074a280000,0x000000074a280000,0x000000074c380000)
 ParOldGen       total 188416K, used 54203K [0x0000000642a00000, 0x000000064e200000, 0x0000000740e00000)
  object space 188416K, 28% used [0x0000000642a00000,0x0000000645eeed68,0x000000064e200000)
 Metaspace       used 26052K, capacity 26882K, committed 27008K, reserved 1073152K
  class space    used 2921K, capacity 3122K, committed 3200K, reserved 1048576K
GC Heap History (10 events):
Event: 4.307 GC heap before
{Heap before GC invocations=4 (full 0):
 PSYoungGen      total 114176K, used 113557K [0x0000000740e00000, 0x0000000748d00000, 0x00000007c0000000)
  eden space 98304K, 99% used [0x0000000740e00000,0x0000000746d6b798,0x0000000746e00000)
  from space 15872K, 99% used [0x0000000746e00000,0x0000000747d7a040,0x0000000747d80000)
  to   space 15872K, 0% used [0x0000000747d80000,0x0000000747d80000,0x0000000748d00000)
 ParOldGen       total 261120K, used 9952K [0x0000000642a00000, 0x0000000652900000, 0x0000000740e00000)
  object space 261120K, 3% used [0x0000000642a00000,0x00000006433b8008,0x0000000652900000)
 Metaspace       used 20528K, capacity 21144K, committed 21248K, reserved 1069056K
  class space    used 2345K, capacity 2501K, committed 2560K, reserved 1048576K
Event: 4.317 GC heap after
Heap after GC invocations=4 (full 0):
 PSYoungGen      total 114176K, used 15844K [0x0000000740e00000, 0x0000000748d00000, 0x00000007c0000000)
  eden space 98304K, 0% used [0x0000000740e00000,0x0000000740e00000,0x0000000746e00000)
  from space 15872K, 99% used [0x0000000747d80000,0x0000000748cf9250,0x0000000748d00000)
  to   space 15872K, 0% used [0x0000000746e00000,0x0000000746e00000,0x0000000747d80000)
 ParOldGen       total 261120K, used 15208K [0x0000000642a00000, 0x0000000652900000, 0x0000000740e00000)
  object space 261120K, 5% used [0x0000000642a00000,0x00000006438da3f0,0x0000000652900000)
 Metaspace       used 20528K, capacity 21144K, committed 21248K, reserved 1069056K
  class space    used 2345K, capacity 2501K, committed 2560K, reserved 1048576K
}
Event: 4.317 GC heap before
{Heap before GC invocations=5 (full 1):
 PSYoungGen      total 114176K, used 15844K [0x0000000740e00000, 0x0000000748d00000, 0x00000007c0000000)
  eden space 98304K, 0% used [0x0000000740e00000,0x0000000740e00000,0x0000000746e00000)
  from space 15872K, 99% used [0x0000000747d80000,0x0000000748cf9250,0x0000000748d00000)
  to   space 15872K, 0% used [0x0000000746e00000,0x0000000746e00000,0x0000000747d80000)
 ParOldGen       total 261120K, used 15208K [0x0000000642a00000, 0x0000000652900000, 0x0000000740e00000)
  object space 261120K, 5% used [0x0000000642a00000,0x00000006438da3f0,0x0000000652900000)
 Metaspace       used 20528K, capacity 21144K, committed 21248K, reserved 1069056K
  class space    used 2345K, capacity 2501K, committed 2560K, reserved 1048576K
Event: 4.375 GC heap after
Heap after GC invocations=5 (full 1):
 PSYoungGen      total 114176K, used 0K [0x0000000740e00000, 0x0000000748d00000, 0x00000007c0000000)
  eden space 98304K, 0% used [0x0000000740e00000,0x0000000740e00000,0x0000000746e00000)
  from space 15872K, 0% used [0x0000000747d80000,0x0000000747d80000,0x0000000748d00000)
  to   space 15872K, 0% used [0x0000000746e00000,0x0000000746e00000,0x0000000747d80000)
 ParOldGen       total 188416K, used 28193K [0x0000000642a00000, 0x000000064e200000, 0x0000000740e00000)
  object space 188416K, 14% used [0x0000000642a00000,0x0000000644588450,0x000000064e200000)
 Metaspace       used 20528K, capacity 21144K, committed 21248K, reserved 1069056K
  class space    used 2345K, capacity 2501K, committed 2560K, reserved 1048576K
}
Event: 5.288 GC heap before
{Heap before GC invocations=6 (full 1):
 PSYoungGen      total 114176K, used 98304K [0x0000000740e00000, 0x0000000748d00000, 0x00000007c0000000)
  eden space 98304K, 100% used [0x0000000740e00000,0x0000000746e00000,0x0000000746e00000)
  from space 15872K, 0% used [0x0000000747d80000,0x0000000747d80000,0x0000000748d00000)
  to   space 15872K, 0% used [0x0000000746e00000,0x0000000746e00000,0x0000000747d80000)
 ParOldGen       total 188416K, used 28193K [0x0000000642a00000, 0x000000064e200000, 0x0000000740e00000)
  object space 188416K, 14% used [0x0000000642a00000,0x0000000644588450,0x000000064e200000)
 Metaspace       used 23467K, capacity 24152K, committed 24448K, reserved 1071104K
  class space    used 2658K, capacity 2821K, committed 2944K, reserved 1048576K
Event: 5.301 GC heap after
Heap after GC invocations=6 (full 1):
 PSYoungGen      total 114176K, used 15844K [0x0000000740e00000, 0x0000000748d00000, 0x00000007c0000000)
  eden space 98304K, 0% used [0x0000000740e00000,0x0000000740e00000,0x0000000746e00000)
  from space 15872K, 99% used [0x0000000746e00000,0x0000000747d79028,0x0000000747d80000)
  to   space 15872K, 0% used [0x0000000747d80000,0x0000000747d80000,0x0000000748d00000)
 ParOldGen       total 188416K, used 42946K [0x0000000642a00000, 0x000000064e200000, 0x0000000740e00000)
  object space 188416K, 22% used [0x0000000642a00000,0x00000006453f0ba0,0x000000064e200000)
 Metaspace       used 23467K, capacity 24152K, committed 24448K, reserved 1071104K
  class space    used 2658K, capacity 2821K, committed 2944K, reserved 1048576K
}
Event: 6.194 GC heap before
{Heap before GC invocations=7 (full 1):
 PSYoungGen      total 114176K, used 114148K [0x0000000740e00000, 0x0000000748d00000, 0x00000007c0000000)
  eden space 98304K, 100% used [0x0000000740e00000,0x0000000746e00000,0x0000000746e00000)
  from space 15872K, 99% used [0x0000000746e00000,0x0000000747d79028,0x0000000747d80000)
  to   space 15872K, 0% used [0x0000000747d80000,0x0000000747d80000,0x0000000748d00000)
 ParOldGen       total 188416K, used 42946K [0x0000000642a00000, 0x000000064e200000, 0x0000000740e00000)
  object space 188416K, 22% used [0x0000000642a00000,0x00000006453f0ba0,0x000000064e200000)
 Metaspace       used 24195K, capacity 24892K, committed 24960K, reserved 1071104K
  class space    used 2709K, capacity 2897K, committed 2944K, reserved 1048576K
Event: 6.202 GC heap after
Heap after GC invocations=7 (full 1):
 PSYoungGen      total 95744K, used 15854K [0x0000000740e00000, 0x000000074dd00000, 0x00000007c0000000)
  eden space 79872K, 0% used [0x0000000740e00000,0x0000000740e00000,0x0000000745c00000)
  from space 15872K, 99% used [0x0000000747d80000,0x0000000748cfb8f8,0x0000000748d00000)
  to   space 34304K, 0% used [0x0000000745c00000,0x0000000745c00000,0x0000000747d80000)
 ParOldGen       total 188416K, used 54195K [0x0000000642a00000, 0x000000064e200000, 0x0000000740e00000)
  object space 188416K, 28% used [0x0000000642a00000,0x0000000645eecd68,0x000000064e200000)
 Metaspace       used 24195K, capacity 24892K, committed 24960K, reserved 1071104K
  class space    used 2709K, capacity 2897K, committed 2944K, reserved 1048576K
}
Event: 6.543 GC heap before
{Heap before GC invocations=8 (full 1):
 PSYoungGen      total 95744K, used 95726K [0x0000000740e00000, 0x000000074dd00000, 0x00000007c0000000)
  eden space 79872K, 100% used [0x0000000740e00000,0x0000000745c00000,0x0000000745c00000)
  from space 15872K, 99% used [0x0000000747d80000,0x0000000748cfb8f8,0x0000000748d00000)
  to   space 34304K, 0% used [0x0000000745c00000,0x0000000745c00000,0x0000000747d80000)
 ParOldGen       total 188416K, used 54195K [0x0000000642a00000, 0x000000064e200000, 0x0000000740e00000)
  object space 188416K, 28% used [0x0000000642a00000,0x0000000645eecd68,0x000000064e200000)
 Metaspace       used 25491K, capacity 26222K, committed 26368K, reserved 1073152K
  class space    used 2858K, capacity 3060K, committed 3072K, reserved 1048576K
Event: 6.549 GC heap after
Heap after GC invocations=8 (full 1):
 PSYoungGen      total 114176K, used 17757K [0x0000000740e00000, 0x000000074c380000, 0x00000007c0000000)
  eden space 79872K, 0% used [0x0000000740e00000,0x0000000740e00000,0x0000000745c00000)
  from space 34304K, 51% used [0x0000000745c00000,0x0000000746d575a0,0x0000000747d80000)
  to   space 33792K, 0% used [0x000000074a280000,0x000000074a280000,0x000000074c380000)
 ParOldGen       total 188416K, used 54203K [0x0000000642a00000, 0x000000064e200000, 0x0000000740e00000)
  object space 188416K, 28% used [0x0000000642a00000,0x0000000645eeed68,0x000000064e200000)
 Metaspace       used 25491K, capacity 26222K, committed 26368K, reserved 1073152K
  class space    used 2858K, capacity 3060K, committed 3072K, reserved 1048576K
}

