# JRE version: Java(TM) SE Runtime Environment (8.0_361) (build 1.8.0_361-b09)
# Java VM: Java HotSpot(TM) 64-Bit Server VM (25.361-b09 mixed mode windows-amd64 compressed oops)
Heap:
 PSYoungGen      total 1357824K, used 40590K [0x0000000740e00000, 0x0000000797b00000, 0x00000007c0000000)
  eden space 1340416K, 2% used [0x0000000740e00000,0x000000074314b710,0x0000000792b00000)
  from space 17408K, 25% used [0x0000000796a00000,0x0000000796e582c0,0x0000000797b00000)
  to   space 40960K, 0% used [0x0000000792b00000,0x0000000792b00000,0x0000000795300000)
 ParOldGen       total 358400K, used 110157K [0x0000000642a00000, 0x0000000658800000, 0x0000000740e00000)
  object space 358400K, 30% used [0x0000000642a00000,0x0000000649593608,0x0000000658800000)
 Metaspace       used 101256K, capacity 107864K, committed 108096K, reserved 1144832K
  class space    used 12229K, capacity 13363K, committed 13440K, reserved 1048576K
GC Heap History (10 events):
Event: 37.916 GC heap before
{Heap before GC invocations=20 (full 3):
 PSYoungGen      total 1143808K, used 925748K [0x0000000740e00000, 0x0000000788f00000, 0x00000007c0000000)
  eden space 1116160K, 80% used [0x0000000740e00000,0x0000000777b3dab0,0x0000000785000000)
  from space 27648K, 99% used [0x0000000787400000,0x0000000788ecf5f8,0x0000000788f00000)
  to   space 31232K, 0% used [0x0000000785200000,0x0000000785200000,0x0000000787080000)
 ParOldGen       total 210432K, used 74586K [0x0000000642a00000, 0x000000064f780000, 0x0000000740e00000)
  object space 210432K, 35% used [0x0000000642a00000,0x00000006472d6a60,0x000000064f780000)
 Metaspace       used 92320K, capacity 98406K, committed 98496K, reserved 1136640K
  class space    used 11184K, capacity 12258K, committed 12288K, reserved 1048576K
Event: 37.938 GC heap after
Heap after GC invocations=20 (full 3):
 PSYoungGen      total 1149440K, used 31216K [0x0000000740e00000, 0x0000000792780000, 0x00000007c0000000)
  eden space 1118208K, 0% used [0x0000000740e00000,0x0000000740e00000,0x0000000785200000)
  from space 31232K, 99% used [0x0000000785200000,0x000000078707c0a0,0x0000000787080000)
  to   space 42496K, 0% used [0x000000078fe00000,0x000000078fe00000,0x0000000792780000)
 ParOldGen       total 210432K, used 92451K [0x0000000642a00000, 0x000000064f780000, 0x0000000740e00000)
  object space 210432K, 43% used [0x0000000642a00000,0x0000000648448fd0,0x000000064f780000)
 Metaspace       used 92320K, capacity 98406K, committed 98496K, reserved 1136640K
  class space    used 11184K, capacity 12258K, committed 12288K, reserved 1048576K
}
Event: 37.938 GC heap before
{Heap before GC invocations=21 (full 4):
 PSYoungGen      total 1149440K, used 31216K [0x0000000740e00000, 0x0000000792780000, 0x00000007c0000000)
  eden space 1118208K, 0% used [0x0000000740e00000,0x0000000740e00000,0x0000000785200000)
  from space 31232K, 99% used [0x0000000785200000,0x000000078707c0a0,0x0000000787080000)
  to   space 42496K, 0% used [0x000000078fe00000,0x000000078fe00000,0x0000000792780000)
 ParOldGen       total 210432K, used 92451K [0x0000000642a00000, 0x000000064f780000, 0x0000000740e00000)
  object space 210432K, 43% used [0x0000000642a00000,0x0000000648448fd0,0x000000064f780000)
 Metaspace       used 92320K, capacity 98406K, committed 98496K, reserved 1136640K
  class space    used 11184K, capacity 12258K, committed 12288K, reserved 1048576K
Event: 38.138 GC heap after
Heap after GC invocations=21 (full 4):
 PSYoungGen      total 1149440K, used 0K [0x0000000740e00000, 0x0000000792780000, 0x00000007c0000000)
  eden space 1118208K, 0% used [0x0000000740e00000,0x0000000740e00000,0x0000000785200000)
  from space 31232K, 0% used [0x0000000785200000,0x0000000785200000,0x0000000787080000)
  to   space 42496K, 0% used [0x000000078fe00000,0x000000078fe00000,0x0000000792780000)
 ParOldGen       total 358400K, used 110133K [0x0000000642a00000, 0x0000000658800000, 0x0000000740e00000)
  object space 358400K, 30% used [0x0000000642a00000,0x000000064958d608,0x0000000658800000)
 Metaspace       used 92320K, capacity 98406K, committed 98496K, reserved 1136640K
  class space    used 11184K, capacity 12258K, committed 12288K, reserved 1048576K
}
Event: 185.698 GC heap before
{Heap before GC invocations=22 (full 4):
 PSYoungGen      total 1149440K, used 1118208K [0x0000000740e00000, 0x0000000792780000, 0x00000007c0000000)
  eden space 1118208K, 100% used [0x0000000740e00000,0x0000000785200000,0x0000000785200000)
  from space 31232K, 0% used [0x0000000785200000,0x0000000785200000,0x0000000787080000)
  to   space 42496K, 0% used [0x000000078fe00000,0x000000078fe00000,0x0000000792780000)
 ParOldGen       total 358400K, used 110133K [0x0000000642a00000, 0x0000000658800000, 0x0000000740e00000)
  object space 358400K, 30% used [0x0000000642a00000,0x000000064958d608,0x0000000658800000)
 Metaspace       used 99789K, capacity 106406K, committed 106560K, reserved 1142784K
  class space    used 11995K, capacity 13136K, committed 13184K, reserved 1048576K
Event: 185.705 GC heap after
Heap after GC invocations=22 (full 4):
 PSYoungGen      total 1274880K, used 7367K [0x0000000740e00000, 0x0000000791d80000, 0x00000007c0000000)
  eden space 1242624K, 0% used [0x0000000740e00000,0x0000000740e00000,0x000000078cb80000)
  from space 32256K, 22% used [0x000000078fe00000,0x0000000790531c10,0x0000000791d80000)
  to   space 41984K, 0% used [0x000000078cb80000,0x000000078cb80000,0x000000078f480000)
 ParOldGen       total 358400K, used 110141K [0x0000000642a00000, 0x0000000658800000, 0x0000000740e00000)
  object space 358400K, 30% used [0x0000000642a00000,0x000000064958f608,0x0000000658800000)
 Metaspace       used 99789K, capacity 106406K, committed 106560K, reserved 1142784K
  class space    used 11995K, capacity 13136K, committed 13184K, reserved 1048576K
}
Event: 187.715 GC heap before
{Heap before GC invocations=23 (full 4):
 PSYoungGen      total 1274880K, used 1249991K [0x0000000740e00000, 0x0000000791d80000, 0x00000007c0000000)
  eden space 1242624K, 100% used [0x0000000740e00000,0x000000078cb80000,0x000000078cb80000)
  from space 32256K, 22% used [0x000000078fe00000,0x0000000790531c10,0x0000000791d80000)
  to   space 41984K, 0% used [0x000000078cb80000,0x000000078cb80000,0x000000078f480000)
 ParOldGen       total 358400K, used 110141K [0x0000000642a00000, 0x0000000658800000, 0x0000000740e00000)
  object space 358400K, 30% used [0x0000000642a00000,0x000000064958f608,0x0000000658800000)
 Metaspace       used 99790K, capacity 106406K, committed 106560K, reserved 1142784K
  class space    used 11995K, capacity 13136K, committed 13184K, reserved 1048576K
Event: 187.720 GC heap after
Heap after GC invocations=23 (full 4):
 PSYoungGen      total 1284608K, used 2864K [0x0000000740e00000, 0x0000000799300000, 0x00000007c0000000)
  eden space 1242624K, 0% used [0x0000000740e00000,0x0000000740e00000,0x000000078cb80000)
  from space 41984K, 6% used [0x000000078cb80000,0x000000078ce4c060,0x000000078f480000)
  to   space 41984K, 0% used [0x0000000796a00000,0x0000000796a00000,0x0000000799300000)
 ParOldGen       total 358400K, used 110149K [0x0000000642a00000, 0x0000000658800000, 0x0000000740e00000)
  object space 358400K, 30% used [0x0000000642a00000,0x0000000649591608,0x0000000658800000)
 Metaspace       used 99790K, capacity 106406K, committed 106560K, reserved 1142784K
  class space    used 11995K, capacity 13136K, committed 13184K, reserved 1048576K
}
Event: 206.844 GC heap before
{Heap before GC invocations=24 (full 4):
 PSYoungGen      total 1284608K, used 1245488K [0x0000000740e00000, 0x0000000799300000, 0x00000007c0000000)
  eden space 1242624K, 100% used [0x0000000740e00000,0x000000078cb80000,0x000000078cb80000)
  from space 41984K, 6% used [0x000000078cb80000,0x000000078ce4c060,0x000000078f480000)
  to   space 41984K, 0% used [0x0000000796a00000,0x0000000796a00000,0x0000000799300000)
 ParOldGen       total 358400K, used 110149K [0x0000000642a00000, 0x0000000658800000, 0x0000000740e00000)
  object space 358400K, 30% used [0x0000000642a00000,0x0000000649591608,0x0000000658800000)
 Metaspace       used 101255K, capacity 107864K, committed 108096K, reserved 1144832K
  class space    used 12229K, capacity 13363K, committed 13440K, reserved 1048576K
Event: 206.852 GC heap after
Heap after GC invocations=24 (full 4):
 PSYoungGen      total 1357824K, used 4448K [0x0000000740e00000, 0x0000000797b00000, 0x00000007c0000000)
  eden space 1340416K, 0% used [0x0000000740e00000,0x0000000740e00000,0x0000000792b00000)
  from space 17408K, 25% used [0x0000000796a00000,0x0000000796e582c0,0x0000000797b00000)
  to   space 40960K, 0% used [0x0000000792b00000,0x0000000792b00000,0x0000000795300000)
 ParOldGen       total 358400K, used 110157K [0x0000000642a00000, 0x0000000658800000, 0x0000000740e00000)
  object space 358400K, 30% used [0x0000000642a00000,0x0000000649593608,0x0000000658800000)
 Metaspace       used 101255K, capacity 107864K, committed 108096K, reserved 1144832K
  class space    used 12229K, capacity 13363K, committed 13440K, reserved 1048576K
}

