# JRE version: Java(TM) SE Runtime Environment (8.0_361) (build 1.8.0_361-b09)
# Java VM: Java HotSpot(TM) 64-Bit Server VM (25.361-b09 mixed mode windows-amd64 compressed oops)
Heap:
 PSYoungGen      total 1315328K, used 38837K [0x0000000740e00000, 0x000000079a880000, 0x00000007c0000000)
  eden space 1268224K, 2% used [0x0000000740e00000,0x0000000742ff74e0,0x000000078e480000)
  from space 47104K, 8% used [0x000000078e480000,0x000000078e875f48,0x0000000791280000)
  to   space 46592K, 0% used [0x0000000797b00000,0x0000000797b00000,0x000000079a880000)
 ParOldGen       total 378368K, used 107019K [0x0000000642a00000, 0x0000000659b80000, 0x0000000740e00000)
  object space 378368K, 28% used [0x0000000642a00000,0x0000000649282c40,0x0000000659b80000)
 Metaspace       used 101187K, capacity 107738K, committed 107840K, reserved 1144832K
  class space    used 12221K, capacity 13352K, committed 13400K, reserved 1048576K
GC Heap History (10 events):
Event: 32.600 GC heap before
{Heap before GC invocations=21 (full 3):
 PSYoungGen      total 1076736K, used 151104K [0x0000000740e00000, 0x000000078dc80000, 0x00000007c0000000)
  eden space 1031168K, 11% used [0x0000000740e00000,0x0000000748472be0,0x000000077fd00000)
  from space 45568K, 65% used [0x000000077fd00000,0x0000000781a1d498,0x0000000782980000)
  to   space 46592K, 0% used [0x000000078af00000,0x000000078af00000,0x000000078dc80000)
 ParOldGen       total 221184K, used 113930K [0x0000000642a00000, 0x0000000650200000, 0x0000000740e00000)
  object space 221184K, 51% used [0x0000000642a00000,0x0000000649942b20,0x0000000650200000)
 Metaspace       used 92248K, capacity 98296K, committed 98496K, reserved 1136640K
  class space    used 11186K, capacity 12225K, committed 12248K, reserved 1048576K
Event: 32.613 GC heap after
Heap after GC invocations=21 (full 3):
 PSYoungGen      total 1199104K, used 28198K [0x0000000740e00000, 0x000000078d600000, 0x00000007c0000000)
  eden space 1159168K, 0% used [0x0000000740e00000,0x0000000740e00000,0x0000000787a00000)
  from space 39936K, 70% used [0x000000078af00000,0x000000078ca898d8,0x000000078d600000)
  to   space 47104K, 0% used [0x0000000787a00000,0x0000000787a00000,0x000000078a800000)
 ParOldGen       total 221184K, used 113938K [0x0000000642a00000, 0x0000000650200000, 0x0000000740e00000)
  object space 221184K, 51% used [0x0000000642a00000,0x0000000649944b20,0x0000000650200000)
 Metaspace       used 92248K, capacity 98296K, committed 98496K, reserved 1136640K
  class space    used 11186K, capacity 12225K, committed 12248K, reserved 1048576K
}
Event: 32.613 GC heap before
{Heap before GC invocations=22 (full 4):
 PSYoungGen      total 1199104K, used 28198K [0x0000000740e00000, 0x000000078d600000, 0x00000007c0000000)
  eden space 1159168K, 0% used [0x0000000740e00000,0x0000000740e00000,0x0000000787a00000)
  from space 39936K, 70% used [0x000000078af00000,0x000000078ca898d8,0x000000078d600000)
  to   space 47104K, 0% used [0x0000000787a00000,0x0000000787a00000,0x000000078a800000)
 ParOldGen       total 221184K, used 113938K [0x0000000642a00000, 0x0000000650200000, 0x0000000740e00000)
  object space 221184K, 51% used [0x0000000642a00000,0x0000000649944b20,0x0000000650200000)
 Metaspace       used 92248K, capacity 98296K, committed 98496K, reserved 1136640K
  class space    used 11186K, capacity 12225K, committed 12248K, reserved 1048576K
Event: 32.836 GC heap after
Heap after GC invocations=22 (full 4):
 PSYoungGen      total 1199104K, used 0K [0x0000000740e00000, 0x000000078d600000, 0x00000007c0000000)
  eden space 1159168K, 0% used [0x0000000740e00000,0x0000000740e00000,0x0000000787a00000)
  from space 39936K, 0% used [0x000000078af00000,0x000000078af00000,0x000000078d600000)
  to   space 47104K, 0% used [0x0000000787a00000,0x0000000787a00000,0x000000078a800000)
 ParOldGen       total 378368K, used 106995K [0x0000000642a00000, 0x0000000659b80000, 0x0000000740e00000)
  object space 378368K, 28% used [0x0000000642a00000,0x000000064927cc40,0x0000000659b80000)
 Metaspace       used 92248K, capacity 98296K, committed 98496K, reserved 1136640K
  class space    used 11186K, capacity 12225K, committed 12248K, reserved 1048576K
}
Event: 93.448 GC heap before
{Heap before GC invocations=23 (full 4):
 PSYoungGen      total 1199104K, used 1159168K [0x0000000740e00000, 0x000000078d600000, 0x00000007c0000000)
  eden space 1159168K, 100% used [0x0000000740e00000,0x0000000787a00000,0x0000000787a00000)
  from space 39936K, 0% used [0x000000078af00000,0x000000078af00000,0x000000078d600000)
  to   space 47104K, 0% used [0x0000000787a00000,0x0000000787a00000,0x000000078a800000)
 ParOldGen       total 378368K, used 106995K [0x0000000642a00000, 0x0000000659b80000, 0x0000000740e00000)
  object space 378368K, 28% used [0x0000000642a00000,0x000000064927cc40,0x0000000659b80000)
 Metaspace       used 99730K, capacity 106338K, committed 106560K, reserved 1142784K
  class space    used 11988K, capacity 13124K, committed 13144K, reserved 1048576K
Event: 93.500 GC heap after
Heap after GC invocations=23 (full 4):
 PSYoungGen      total 1206272K, used 7310K [0x0000000740e00000, 0x0000000795400000, 0x00000007c0000000)
  eden space 1159168K, 0% used [0x0000000740e00000,0x0000000740e00000,0x0000000787a00000)
  from space 47104K, 15% used [0x0000000787a00000,0x0000000788123838,0x000000078a800000)
  to   space 47104K, 0% used [0x0000000792600000,0x0000000792600000,0x0000000795400000)
 ParOldGen       total 378368K, used 107003K [0x0000000642a00000, 0x0000000659b80000, 0x0000000740e00000)
  object space 378368K, 28% used [0x0000000642a00000,0x000000064927ec40,0x0000000659b80000)
 Metaspace       used 99730K, capacity 106338K, committed 106560K, reserved 1142784K
  class space    used 11988K, capacity 13124K, committed 13144K, reserved 1048576K
}
Event: 96.904 GC heap before
{Heap before GC invocations=24 (full 4):
 PSYoungGen      total 1206272K, used 1166478K [0x0000000740e00000, 0x0000000795400000, 0x00000007c0000000)
  eden space 1159168K, 100% used [0x0000000740e00000,0x0000000787a00000,0x0000000787a00000)
  from space 47104K, 15% used [0x0000000787a00000,0x0000000788123838,0x000000078a800000)
  to   space 47104K, 0% used [0x0000000792600000,0x0000000792600000,0x0000000795400000)
 ParOldGen       total 378368K, used 107003K [0x0000000642a00000, 0x0000000659b80000, 0x0000000740e00000)
  object space 378368K, 28% used [0x0000000642a00000,0x000000064927ec40,0x0000000659b80000)
 Metaspace       used 99734K, capacity 106344K, committed 106560K, reserved 1142784K
  class space    used 11989K, capacity 13125K, committed 13144K, reserved 1048576K
Event: 96.908 GC heap after
Heap after GC invocations=24 (full 4):
 PSYoungGen      total 1295360K, used 2768K [0x0000000740e00000, 0x0000000794080000, 0x00000007c0000000)
  eden space 1268224K, 0% used [0x0000000740e00000,0x0000000740e00000,0x000000078e480000)
  from space 27136K, 10% used [0x0000000792600000,0x00000007928b4080,0x0000000794080000)
  to   space 47104K, 0% used [0x000000078e480000,0x000000078e480000,0x0000000791280000)
 ParOldGen       total 378368K, used 107011K [0x0000000642a00000, 0x0000000659b80000, 0x0000000740e00000)
  object space 378368K, 28% used [0x0000000642a00000,0x0000000649280c40,0x0000000659b80000)
 Metaspace       used 99734K, capacity 106344K, committed 106560K, reserved 1142784K
  class space    used 11989K, capacity 13125K, committed 13144K, reserved 1048576K
}
Event: 102.145 GC heap before
{Heap before GC invocations=25 (full 4):
 PSYoungGen      total 1295360K, used 1270992K [0x0000000740e00000, 0x0000000794080000, 0x00000007c0000000)
  eden space 1268224K, 100% used [0x0000000740e00000,0x000000078e480000,0x000000078e480000)
  from space 27136K, 10% used [0x0000000792600000,0x00000007928b4080,0x0000000794080000)
  to   space 47104K, 0% used [0x000000078e480000,0x000000078e480000,0x0000000791280000)
 ParOldGen       total 378368K, used 107011K [0x0000000642a00000, 0x0000000659b80000, 0x0000000740e00000)
  object space 378368K, 28% used [0x0000000642a00000,0x0000000649280c40,0x0000000659b80000)
 Metaspace       used 101136K, capacity 107738K, committed 107840K, reserved 1144832K
  class space    used 12213K, capacity 13352K, committed 13400K, reserved 1048576K
Event: 102.160 GC heap after
Heap after GC invocations=25 (full 4):
 PSYoungGen      total 1315328K, used 4055K [0x0000000740e00000, 0x000000079a880000, 0x00000007c0000000)
  eden space 1268224K, 0% used [0x0000000740e00000,0x0000000740e00000,0x000000078e480000)
  from space 47104K, 8% used [0x000000078e480000,0x000000078e875f48,0x0000000791280000)
  to   space 46592K, 0% used [0x0000000797b00000,0x0000000797b00000,0x000000079a880000)
 ParOldGen       total 378368K, used 107019K [0x0000000642a00000, 0x0000000659b80000, 0x0000000740e00000)
  object space 378368K, 28% used [0x0000000642a00000,0x0000000649282c40,0x0000000659b80000)
 Metaspace       used 101136K, capacity 107738K, committed 107840K, reserved 1144832K
  class space    used 12213K, capacity 13352K, committed 13400K, reserved 1048576K
}

