# JRE version: Java(TM) SE Runtime Environment (8.0_361) (build 1.8.0_361-b09)
# Java VM: Java HotSpot(TM) 64-Bit Server VM (25.361-b09 mixed mode windows-amd64 compressed oops)
Heap:
 PSYoungGen      total 1662464K, used 626939K [0x0000000740e00000, 0x00000007b9800000, 0x00000007c0000000)
  eden space 1625600K, 38% used [0x0000000740e00000,0x0000000767206f38,0x00000007a4180000)
  from space 36864K, 0% used [0x00000007a4180000,0x00000007a41b8000,0x00000007a6580000)
  to   space 37376K, 0% used [0x00000007b7380000,0x00000007b7380000,0x00000007b9800000)
 ParOldGen       total 317952K, used 110726K [0x0000000642a00000, 0x0000000656080000, 0x0000000740e00000)
  object space 317952K, 34% used [0x0000000642a00000,0x0000000649621928,0x0000000656080000)
 Metaspace       used 101104K, capacity 107670K, committed 107840K, reserved 1144832K
  class space    used 12220K, capacity 13350K, committed 13440K, reserved 1048576K
GC Heap History (10 events):
Event: 42.699 GC heap before
{Heap before GC invocations=19 (full 3):
 PSYoungGen      total 1105920K, used 1105888K [0x0000000740e00000, 0x0000000798100000, 0x00000007c0000000)
  eden space 1083904K, 100% used [0x0000000740e00000,0x0000000783080000,0x0000000783080000)
  from space 22016K, 99% used [0x0000000783080000,0x00000007845f80f0,0x0000000784600000)
  to   space 34304K, 0% used [0x0000000795f80000,0x0000000795f80000,0x0000000798100000)
 ParOldGen       total 190464K, used 72885K [0x0000000642a00000, 0x000000064e400000, 0x0000000740e00000)
  object space 190464K, 38% used [0x0000000642a00000,0x000000064712d590,0x000000064e400000)
 Metaspace       used 86397K, capacity 91196K, committed 91352K, reserved 1130496K
  class space    used 10345K, capacity 11205K, committed 11264K, reserved 1048576K
Event: 43.091 GC heap after
Heap after GC invocations=19 (full 3):
 PSYoungGen      total 1389568K, used 32507K [0x0000000740e00000, 0x000000079f900000, 0x00000007c0000000)
  eden space 1355264K, 0% used [0x0000000740e00000,0x0000000740e00000,0x0000000793980000)
  from space 34304K, 94% used [0x0000000795f80000,0x0000000797f3ec80,0x0000000798100000)
  to   space 38912K, 0% used [0x0000000793980000,0x0000000793980000,0x0000000795f80000)
 ParOldGen       total 190464K, used 94009K [0x0000000642a00000, 0x000000064e400000, 0x0000000740e00000)
  object space 190464K, 49% used [0x0000000642a00000,0x00000006485ce700,0x000000064e400000)
 Metaspace       used 86397K, capacity 91196K, committed 91352K, reserved 1130496K
  class space    used 10345K, capacity 11205K, committed 11264K, reserved 1048576K
}
Event: 48.582 GC heap before
{Heap before GC invocations=20 (full 3):
 PSYoungGen      total 1389568K, used 519282K [0x0000000740e00000, 0x000000079f900000, 0x00000007c0000000)
  eden space 1355264K, 35% used [0x0000000740e00000,0x000000075e95dcf0,0x0000000793980000)
  from space 34304K, 94% used [0x0000000795f80000,0x0000000797f3ec80,0x0000000798100000)
  to   space 38912K, 0% used [0x0000000793980000,0x0000000793980000,0x0000000795f80000)
 ParOldGen       total 190464K, used 94009K [0x0000000642a00000, 0x000000064e400000, 0x0000000740e00000)
  object space 190464K, 49% used [0x0000000642a00000,0x00000006485ce700,0x000000064e400000)
 Metaspace       used 92411K, capacity 98408K, committed 98496K, reserved 1136640K
  class space    used 11211K, capacity 12257K, committed 12288K, reserved 1048576K
Event: 48.619 GC heap after
Heap after GC invocations=20 (full 3):
 PSYoungGen      total 1394176K, used 13348K [0x0000000740e00000, 0x00000007aa680000, 0x00000007c0000000)
  eden space 1355264K, 0% used [0x0000000740e00000,0x0000000740e00000,0x0000000793980000)
  from space 38912K, 34% used [0x0000000793980000,0x0000000794689180,0x0000000795f80000)
  to   space 37376K, 0% used [0x00000007a8200000,0x00000007a8200000,0x00000007aa680000)
 ParOldGen       total 190464K, used 119938K [0x0000000642a00000, 0x000000064e400000, 0x0000000740e00000)
  object space 190464K, 62% used [0x0000000642a00000,0x0000000649f20b00,0x000000064e400000)
 Metaspace       used 92411K, capacity 98408K, committed 98496K, reserved 1136640K
  class space    used 11211K, capacity 12257K, committed 12288K, reserved 1048576K
}
Event: 48.619 GC heap before
{Heap before GC invocations=21 (full 4):
 PSYoungGen      total 1394176K, used 13348K [0x0000000740e00000, 0x00000007aa680000, 0x00000007c0000000)
  eden space 1355264K, 0% used [0x0000000740e00000,0x0000000740e00000,0x0000000793980000)
  from space 38912K, 34% used [0x0000000793980000,0x0000000794689180,0x0000000795f80000)
  to   space 37376K, 0% used [0x00000007a8200000,0x00000007a8200000,0x00000007aa680000)
 ParOldGen       total 190464K, used 119938K [0x0000000642a00000, 0x000000064e400000, 0x0000000740e00000)
  object space 190464K, 62% used [0x0000000642a00000,0x0000000649f20b00,0x000000064e400000)
 Metaspace       used 92411K, capacity 98408K, committed 98496K, reserved 1136640K
  class space    used 11211K, capacity 12257K, committed 12288K, reserved 1048576K
Event: 49.001 GC heap after
Heap after GC invocations=21 (full 4):
 PSYoungGen      total 1394176K, used 0K [0x0000000740e00000, 0x00000007aa680000, 0x00000007c0000000)
  eden space 1355264K, 0% used [0x0000000740e00000,0x0000000740e00000,0x0000000793980000)
  from space 38912K, 0% used [0x0000000793980000,0x0000000793980000,0x0000000795f80000)
  to   space 37376K, 0% used [0x00000007a8200000,0x00000007a8200000,0x00000007aa680000)
 ParOldGen       total 317952K, used 108041K [0x0000000642a00000, 0x0000000656080000, 0x0000000740e00000)
  object space 317952K, 33% used [0x0000000642a00000,0x0000000649382400,0x0000000656080000)
 Metaspace       used 92411K, capacity 98408K, committed 98496K, reserved 1136640K
  class space    used 11211K, capacity 12257K, committed 12288K, reserved 1048576K
}
Event: 58.727 GC heap before
{Heap before GC invocations=22 (full 4):
 PSYoungGen      total 1394176K, used 1355264K [0x0000000740e00000, 0x00000007aa680000, 0x00000007c0000000)
  eden space 1355264K, 100% used [0x0000000740e00000,0x0000000793980000,0x0000000793980000)
  from space 38912K, 0% used [0x0000000793980000,0x0000000793980000,0x0000000795f80000)
  to   space 37376K, 0% used [0x00000007a8200000,0x00000007a8200000,0x00000007aa680000)
 ParOldGen       total 317952K, used 108041K [0x0000000642a00000, 0x0000000656080000, 0x0000000740e00000)
  object space 317952K, 33% used [0x0000000642a00000,0x0000000649382400,0x0000000656080000)
 Metaspace       used 99655K, capacity 106148K, committed 106304K, reserved 1142784K
  class space    used 11988K, capacity 13123K, committed 13184K, reserved 1048576K
Event: 58.733 GC heap after
Heap after GC invocations=22 (full 4):
 PSYoungGen      total 1631232K, used 7326K [0x0000000740e00000, 0x00000007a8980000, 0x00000007c0000000)
  eden space 1623552K, 0% used [0x0000000740e00000,0x0000000740e00000,0x00000007a3f80000)
  from space 7680K, 95% used [0x00000007a8200000,0x00000007a8927be8,0x00000007a8980000)
  to   space 36864K, 0% used [0x00000007a4180000,0x00000007a4180000,0x00000007a6580000)
 ParOldGen       total 317952K, used 108049K [0x0000000642a00000, 0x0000000656080000, 0x0000000740e00000)
  object space 317952K, 33% used [0x0000000642a00000,0x0000000649384400,0x0000000656080000)
 Metaspace       used 99655K, capacity 106148K, committed 106304K, reserved 1142784K
  class space    used 11988K, capacity 13123K, committed 13184K, reserved 1048576K
}
Event: 63.131 GC heap before
{Heap before GC invocations=23 (full 4):
 PSYoungGen      total 1631232K, used 1630878K [0x0000000740e00000, 0x00000007a8980000, 0x00000007c0000000)
  eden space 1623552K, 100% used [0x0000000740e00000,0x00000007a3f80000,0x00000007a3f80000)
  from space 7680K, 95% used [0x00000007a8200000,0x00000007a8927be8,0x00000007a8980000)
  to   space 36864K, 0% used [0x00000007a4180000,0x00000007a4180000,0x00000007a6580000)
 ParOldGen       total 317952K, used 108049K [0x0000000642a00000, 0x0000000656080000, 0x0000000740e00000)
  object space 317952K, 33% used [0x0000000642a00000,0x0000000649384400,0x0000000656080000)
 Metaspace       used 99655K, capacity 106148K, committed 106304K, reserved 1142784K
  class space    used 11988K, capacity 13123K, committed 13184K, reserved 1048576K
Event: 63.135 GC heap after
Heap after GC invocations=23 (full 4):
 PSYoungGen      total 1662464K, used 224K [0x0000000740e00000, 0x00000007b9800000, 0x00000007c0000000)
  eden space 1625600K, 0% used [0x0000000740e00000,0x0000000740e00000,0x00000007a4180000)
  from space 36864K, 0% used [0x00000007a4180000,0x00000007a41b8000,0x00000007a6580000)
  to   space 37376K, 0% used [0x00000007b7380000,0x00000007b7380000,0x00000007b9800000)
 ParOldGen       total 317952K, used 110726K [0x0000000642a00000, 0x0000000656080000, 0x0000000740e00000)
  object space 317952K, 34% used [0x0000000642a00000,0x0000000649621928,0x0000000656080000)
 Metaspace       used 99655K, capacity 106148K, committed 106304K, reserved 1142784K
  class space    used 11988K, capacity 13123K, committed 13184K, reserved 1048576K
}

