# JRE version: Java(TM) SE Runtime Environment (8.0_361) (build 1.8.0_361-b09)
# Java VM: Java HotSpot(TM) 64-Bit Server VM (25.361-b09 mixed mode windows-amd64 compressed oops)
Heap:
 PSYoungGen      total 1848320K, used 1790100K [0x0000000740e00000, 0x00000007c0000000, 0x00000007c0000000)
  eden space 1808384K, 98% used [0x0000000740e00000,0x00000007adacdac0,0x00000007af400000)
  from space 39936K, 18% used [0x00000007af400000,0x00000007afb578c8,0x00000007b1b00000)
  to   space 39936K, 0% used [0x00000007bd900000,0x00000007bd900000,0x00000007c0000000)
 ParOldGen       total 330752K, used 109427K [0x0000000642a00000, 0x0000000656d00000, 0x0000000740e00000)
  object space 330752K, 33% used [0x0000000642a00000,0x00000006494dcdc8,0x0000000656d00000)
 Metaspace       used 101073K, capacity 107624K, committed 107840K, reserved 1144832K
  class space    used 12211K, capacity 13359K, committed 13400K, reserved 1048576K
GC Heap History (10 events):
Event: 27.870 GC heap before
{Heap before GC invocations=15 (full 3):
 PSYoungGen      total 1076224K, used 1061970K [0x0000000740e00000, 0x000000079b280000, 0x00000007c0000000)
  eden space 1047040K, 100% used [0x0000000740e00000,0x0000000780c80000,0x0000000780c80000)
  from space 29184K, 51% used [0x0000000780c80000,0x0000000781b14840,0x0000000782900000)
  to   space 28160K, 0% used [0x0000000799700000,0x0000000799700000,0x000000079b280000)
 ParOldGen       total 199680K, used 41825K [0x0000000642a00000, 0x000000064ed00000, 0x0000000740e00000)
  object space 199680K, 20% used [0x0000000642a00000,0x00000006452d84c8,0x000000064ed00000)
 Metaspace       used 68028K, capacity 71140K, committed 71256K, reserved 1112064K
  class space    used 8480K, capacity 9032K, committed 9048K, reserved 1048576K
Event: 27.885 GC heap after
Heap after GC invocations=15 (full 3):
 PSYoungGen      total 1420288K, used 18193K [0x0000000740e00000, 0x000000079a900000, 0x00000007c0000000)
  eden space 1401856K, 0% used [0x0000000740e00000,0x0000000740e00000,0x0000000796700000)
  from space 18432K, 98% used [0x0000000799700000,0x000000079a8c4590,0x000000079a900000)
  to   space 28160K, 0% used [0x0000000797200000,0x0000000797200000,0x0000000798d80000)
 ParOldGen       total 199680K, used 52813K [0x0000000642a00000, 0x000000064ed00000, 0x0000000740e00000)
  object space 199680K, 26% used [0x0000000642a00000,0x0000000645d93728,0x000000064ed00000)
 Metaspace       used 68028K, capacity 71140K, committed 71256K, reserved 1112064K
  class space    used 8480K, capacity 9032K, committed 9048K, reserved 1048576K
}
Event: 41.769 GC heap before
{Heap before GC invocations=16 (full 3):
 PSYoungGen      total 1420288K, used 1420049K [0x0000000740e00000, 0x000000079a900000, 0x00000007c0000000)
  eden space 1401856K, 100% used [0x0000000740e00000,0x0000000796700000,0x0000000796700000)
  from space 18432K, 98% used [0x0000000799700000,0x000000079a8c4590,0x000000079a900000)
  to   space 28160K, 0% used [0x0000000797200000,0x0000000797200000,0x0000000798d80000)
 ParOldGen       total 199680K, used 52813K [0x0000000642a00000, 0x000000064ed00000, 0x0000000740e00000)
  object space 199680K, 26% used [0x0000000642a00000,0x0000000645d93728,0x000000064ed00000)
 Metaspace       used 83406K, capacity 87622K, committed 87768K, reserved 1126400K
  class space    used 9864K, capacity 10626K, committed 10712K, reserved 1048576K
Event: 41.803 GC heap after
Heap after GC invocations=16 (full 3):
 PSYoungGen      total 1441280K, used 28144K [0x0000000740e00000, 0x00000007b5580000, 0x00000007c0000000)
  eden space 1413120K, 0% used [0x0000000740e00000,0x0000000740e00000,0x0000000797200000)
  from space 28160K, 99% used [0x0000000797200000,0x0000000798d7c170,0x0000000798d80000)
  to   space 41472K, 0% used [0x00000007b2d00000,0x00000007b2d00000,0x00000007b5580000)
 ParOldGen       total 199680K, used 79169K [0x0000000642a00000, 0x000000064ed00000, 0x0000000740e00000)
  object space 199680K, 39% used [0x0000000642a00000,0x0000000647750438,0x000000064ed00000)
 Metaspace       used 83406K, capacity 87622K, committed 87768K, reserved 1126400K
  class space    used 9864K, capacity 10626K, committed 10712K, reserved 1048576K
}
Event: 46.852 GC heap before
{Heap before GC invocations=17 (full 3):
 PSYoungGen      total 1441280K, used 869181K [0x0000000740e00000, 0x00000007b5580000, 0x00000007c0000000)
  eden space 1413120K, 59% used [0x0000000740e00000,0x00000007743534e8,0x0000000797200000)
  from space 28160K, 99% used [0x0000000797200000,0x0000000798d7c170,0x0000000798d80000)
  to   space 41472K, 0% used [0x00000007b2d00000,0x00000007b2d00000,0x00000007b5580000)
 ParOldGen       total 199680K, used 79169K [0x0000000642a00000, 0x000000064ed00000, 0x0000000740e00000)
  object space 199680K, 39% used [0x0000000642a00000,0x0000000647750438,0x000000064ed00000)
 Metaspace       used 92238K, capacity 98320K, committed 98496K, reserved 1136640K
  class space    used 11191K, capacity 12233K, committed 12248K, reserved 1048576K
Event: 46.879 GC heap after
Heap after GC invocations=17 (full 3):
 PSYoungGen      total 1824256K, used 21156K [0x0000000740e00000, 0x00000007b4200000, 0x00000007c0000000)
  eden space 1802752K, 0% used [0x0000000740e00000,0x0000000740e00000,0x00000007aee80000)
  from space 21504K, 98% used [0x00000007b2d00000,0x00000007b41a9060,0x00000007b4200000)
  to   space 39936K, 0% used [0x00000007af400000,0x00000007af400000,0x00000007b1b00000)
 ParOldGen       total 199680K, used 106149K [0x0000000642a00000, 0x000000064ed00000, 0x0000000740e00000)
  object space 199680K, 53% used [0x0000000642a00000,0x00000006491a9480,0x000000064ed00000)
 Metaspace       used 92238K, capacity 98320K, committed 98496K, reserved 1136640K
  class space    used 11191K, capacity 12233K, committed 12248K, reserved 1048576K
}
Event: 46.879 GC heap before
{Heap before GC invocations=18 (full 4):
 PSYoungGen      total 1824256K, used 21156K [0x0000000740e00000, 0x00000007b4200000, 0x00000007c0000000)
  eden space 1802752K, 0% used [0x0000000740e00000,0x0000000740e00000,0x00000007aee80000)
  from space 21504K, 98% used [0x00000007b2d00000,0x00000007b41a9060,0x00000007b4200000)
  to   space 39936K, 0% used [0x00000007af400000,0x00000007af400000,0x00000007b1b00000)
 ParOldGen       total 199680K, used 106149K [0x0000000642a00000, 0x000000064ed00000, 0x0000000740e00000)
  object space 199680K, 53% used [0x0000000642a00000,0x00000006491a9480,0x000000064ed00000)
 Metaspace       used 92238K, capacity 98320K, committed 98496K, reserved 1136640K
  class space    used 11191K, capacity 12233K, committed 12248K, reserved 1048576K
Event: 47.123 GC heap after
Heap after GC invocations=18 (full 4):
 PSYoungGen      total 1824256K, used 0K [0x0000000740e00000, 0x00000007b4200000, 0x00000007c0000000)
  eden space 1802752K, 0% used [0x0000000740e00000,0x0000000740e00000,0x00000007aee80000)
  from space 21504K, 0% used [0x00000007b2d00000,0x00000007b2d00000,0x00000007b4200000)
  to   space 39936K, 0% used [0x00000007af400000,0x00000007af400000,0x00000007b1b00000)
 ParOldGen       total 330752K, used 109419K [0x0000000642a00000, 0x0000000656d00000, 0x0000000740e00000)
  object space 330752K, 33% used [0x0000000642a00000,0x00000006494dadc8,0x0000000656d00000)
 Metaspace       used 92238K, capacity 98320K, committed 98496K, reserved 1136640K
  class space    used 11191K, capacity 12233K, committed 12248K, reserved 1048576K
}
Event: 68.511 GC heap before
{Heap before GC invocations=19 (full 4):
 PSYoungGen      total 1824256K, used 1802752K [0x0000000740e00000, 0x00000007b4200000, 0x00000007c0000000)
  eden space 1802752K, 100% used [0x0000000740e00000,0x00000007aee80000,0x00000007aee80000)
  from space 21504K, 0% used [0x00000007b2d00000,0x00000007b2d00000,0x00000007b4200000)
  to   space 39936K, 0% used [0x00000007af400000,0x00000007af400000,0x00000007b1b00000)
 ParOldGen       total 330752K, used 109419K [0x0000000642a00000, 0x0000000656d00000, 0x0000000740e00000)
  object space 330752K, 33% used [0x0000000642a00000,0x00000006494dadc8,0x0000000656d00000)
 Metaspace       used 99711K, capacity 106294K, committed 106560K, reserved 1142784K
  class space    used 11992K, capacity 13132K, committed 13144K, reserved 1048576K
Event: 68.520 GC heap after
Heap after GC invocations=19 (full 4):
 PSYoungGen      total 1848320K, used 7518K [0x0000000740e00000, 0x00000007c0000000, 0x00000007c0000000)
  eden space 1808384K, 0% used [0x0000000740e00000,0x0000000740e00000,0x00000007af400000)
  from space 39936K, 18% used [0x00000007af400000,0x00000007afb578c8,0x00000007b1b00000)
  to   space 39936K, 0% used [0x00000007bd900000,0x00000007bd900000,0x00000007c0000000)
 ParOldGen       total 330752K, used 109427K [0x0000000642a00000, 0x0000000656d00000, 0x0000000740e00000)
  object space 330752K, 33% used [0x0000000642a00000,0x00000006494dcdc8,0x0000000656d00000)
 Metaspace       used 99711K, capacity 106294K, committed 106560K, reserved 1142784K
  class space    used 11992K, capacity 13132K, committed 13144K, reserved 1048576K
}

