# JRE version: Java(TM) SE Runtime Environment (8.0_361) (build 1.8.0_361-b09)
# Java VM: Java HotSpot(TM) 64-Bit Server VM (25.361-b09 mixed mode windows-amd64 compressed oops)
Heap:
 PSYoungGen      total 449024K, used 139762K [0x0000000740e00000, 0x0000000761d80000, 0x00000007c0000000)
  eden space 403456K, 23% used [0x0000000740e00000,0x00000007469ff160,0x0000000759800000)
  from space 45568K, 99% used [0x000000075d280000,0x000000075fefda48,0x000000075ff00000)
  to   space 59904K, 0% used [0x0000000759800000,0x0000000759800000,0x000000075d280000)
 ParOldGen       total 189440K, used 74509K [0x0000000642a00000, 0x000000064e300000, 0x0000000740e00000)
  object space 189440K, 39% used [0x0000000642a00000,0x00000006472c37d8,0x000000064e300000)
 Metaspace       used 28940K, capacity 29798K, committed 30080K, reserved 1075200K
  class space    used 3142K, capacity 3384K, committed 3456K, reserved 1048576K
GC Heap History (10 events):
Event: 4.031 GC heap before
{Heap before GC invocations=5 (full 1):
 PSYoungGen      total 212480K, used 15844K [0x0000000740e00000, 0x000000074ed00000, 0x00000007c0000000)
  eden space 196608K, 0% used [0x0000000740e00000,0x0000000740e00000,0x000000074ce00000)
  from space 15872K, 99% used [0x000000074dd80000,0x000000074ecf9230,0x000000074ed00000)
  to   space 15872K, 0% used [0x000000074ce00000,0x000000074ce00000,0x000000074dd80000)
 ParOldGen       total 261120K, used 15262K [0x0000000642a00000, 0x0000000652900000, 0x0000000740e00000)
  object space 261120K, 5% used [0x0000000642a00000,0x00000006438e7bc0,0x0000000652900000)
 Metaspace       used 20525K, capacity 21148K, committed 21248K, reserved 1069056K
  class space    used 2348K, capacity 2501K, committed 2560K, reserved 1048576K
Event: 4.095 GC heap after
Heap after GC invocations=5 (full 1):
 PSYoungGen      total 212480K, used 0K [0x0000000740e00000, 0x000000074ed00000, 0x00000007c0000000)
  eden space 196608K, 0% used [0x0000000740e00000,0x0000000740e00000,0x000000074ce00000)
  from space 15872K, 0% used [0x000000074dd80000,0x000000074dd80000,0x000000074ed00000)
  to   space 15872K, 0% used [0x000000074ce00000,0x000000074ce00000,0x000000074dd80000)
 ParOldGen       total 189440K, used 28201K [0x0000000642a00000, 0x000000064e300000, 0x0000000740e00000)
  object space 189440K, 14% used [0x0000000642a00000,0x000000064458a6d8,0x000000064e300000)
 Metaspace       used 20525K, capacity 21148K, committed 21248K, reserved 1069056K
  class space    used 2348K, capacity 2501K, committed 2560K, reserved 1048576K
}
Event: 5.885 GC heap before
{Heap before GC invocations=6 (full 1):
 PSYoungGen      total 212480K, used 196608K [0x0000000740e00000, 0x000000074ed00000, 0x00000007c0000000)
  eden space 196608K, 100% used [0x0000000740e00000,0x000000074ce00000,0x000000074ce00000)
  from space 15872K, 0% used [0x000000074dd80000,0x000000074dd80000,0x000000074ed00000)
  to   space 15872K, 0% used [0x000000074ce00000,0x000000074ce00000,0x000000074dd80000)
 ParOldGen       total 189440K, used 28201K [0x0000000642a00000, 0x000000064e300000, 0x0000000740e00000)
  object space 189440K, 14% used [0x0000000642a00000,0x000000064458a6d8,0x000000064e300000)
 Metaspace       used 24160K, capacity 24864K, committed 24960K, reserved 1071104K
  class space    used 2707K, capacity 2865K, committed 2944K, reserved 1048576K
Event: 5.901 GC heap after
Heap after GC invocations=6 (full 1):
 PSYoungGen      total 212480K, used 15848K [0x0000000740e00000, 0x0000000757280000, 0x00000007c0000000)
  eden space 196608K, 0% used [0x0000000740e00000,0x0000000740e00000,0x000000074ce00000)
  from space 15872K, 99% used [0x000000074ce00000,0x000000074dd7a320,0x000000074dd80000)
  to   space 40960K, 0% used [0x0000000754a80000,0x0000000754a80000,0x0000000757280000)
 ParOldGen       total 189440K, used 54219K [0x0000000642a00000, 0x000000064e300000, 0x0000000740e00000)
  object space 189440K, 28% used [0x0000000642a00000,0x0000000645ef2fd8,0x000000064e300000)
 Metaspace       used 24160K, capacity 24864K, committed 24960K, reserved 1071104K
  class space    used 2707K, capacity 2865K, committed 2944K, reserved 1048576K
}
Event: 6.483 GC heap before
{Heap before GC invocations=7 (full 1):
 PSYoungGen      total 212480K, used 212456K [0x0000000740e00000, 0x0000000757280000, 0x00000007c0000000)
  eden space 196608K, 100% used [0x0000000740e00000,0x000000074ce00000,0x000000074ce00000)
  from space 15872K, 99% used [0x000000074ce00000,0x000000074dd7a320,0x000000074dd80000)
  to   space 40960K, 0% used [0x0000000754a80000,0x0000000754a80000,0x0000000757280000)
 ParOldGen       total 189440K, used 54219K [0x0000000642a00000, 0x000000064e300000, 0x0000000740e00000)
  object space 189440K, 28% used [0x0000000642a00000,0x0000000645ef2fd8,0x000000064e300000)
 Metaspace       used 26130K, capacity 26956K, committed 27264K, reserved 1073152K
  class space    used 2924K, capacity 3123K, committed 3200K, reserved 1048576K
Event: 6.493 GC heap after
Heap after GC invocations=7 (full 1):
 PSYoungGen      total 326144K, used 19668K [0x0000000740e00000, 0x0000000757300000, 0x00000007c0000000)
  eden space 285184K, 0% used [0x0000000740e00000,0x0000000740e00000,0x0000000752480000)
  from space 40960K, 48% used [0x0000000754a80000,0x0000000755db52f8,0x0000000757280000)
  to   space 38912K, 0% used [0x0000000752480000,0x0000000752480000,0x0000000754a80000)
 ParOldGen       total 189440K, used 54227K [0x0000000642a00000, 0x000000064e300000, 0x0000000740e00000)
  object space 189440K, 28% used [0x0000000642a00000,0x0000000645ef4fd8,0x000000064e300000)
 Metaspace       used 26130K, capacity 26956K, committed 27264K, reserved 1073152K
  class space    used 2924K, capacity 3123K, committed 3200K, reserved 1048576K
}
Event: 7.606 GC heap before
{Heap before GC invocations=8 (full 1):
 PSYoungGen      total 326144K, used 304852K [0x0000000740e00000, 0x0000000757300000, 0x00000007c0000000)
  eden space 285184K, 100% used [0x0000000740e00000,0x0000000752480000,0x0000000752480000)
  from space 40960K, 48% used [0x0000000754a80000,0x0000000755db52f8,0x0000000757280000)
  to   space 38912K, 0% used [0x0000000752480000,0x0000000752480000,0x0000000754a80000)
 ParOldGen       total 189440K, used 54227K [0x0000000642a00000, 0x000000064e300000, 0x0000000740e00000)
  object space 189440K, 28% used [0x0000000642a00000,0x0000000645ef4fd8,0x000000064e300000)
 Metaspace       used 26330K, capacity 27150K, committed 27264K, reserved 1073152K
  class space    used 2929K, capacity 3125K, committed 3200K, reserved 1048576K
Event: 7.622 GC heap after
Heap after GC invocations=8 (full 1):
 PSYoungGen      total 324096K, used 38898K [0x0000000740e00000, 0x000000075ff00000, 0x00000007c0000000)
  eden space 285184K, 0% used [0x0000000740e00000,0x0000000740e00000,0x0000000752480000)
  from space 38912K, 99% used [0x0000000752480000,0x0000000754a7c898,0x0000000754a80000)
  to   space 45568K, 0% used [0x000000075d280000,0x000000075d280000,0x000000075ff00000)
 ParOldGen       total 189440K, used 55985K [0x0000000642a00000, 0x000000064e300000, 0x0000000740e00000)
  object space 189440K, 29% used [0x0000000642a00000,0x00000006460ac668,0x000000064e300000)
 Metaspace       used 26330K, capacity 27150K, committed 27264K, reserved 1073152K
  class space    used 2929K, capacity 3125K, committed 3200K, reserved 1048576K
}
Event: 9.175 GC heap before
{Heap before GC invocations=9 (full 1):
 PSYoungGen      total 324096K, used 324082K [0x0000000740e00000, 0x000000075ff00000, 0x00000007c0000000)
  eden space 285184K, 100% used [0x0000000740e00000,0x0000000752480000,0x0000000752480000)
  from space 38912K, 99% used [0x0000000752480000,0x0000000754a7c898,0x0000000754a80000)
  to   space 45568K, 0% used [0x000000075d280000,0x000000075d280000,0x000000075ff00000)
 ParOldGen       total 189440K, used 55985K [0x0000000642a00000, 0x000000064e300000, 0x0000000740e00000)
  object space 189440K, 29% used [0x0000000642a00000,0x00000006460ac668,0x000000064e300000)
 Metaspace       used 28118K, capacity 28942K, committed 29184K, reserved 1075200K
  class space    used 3073K, capacity 3253K, committed 3328K, reserved 1048576K
Event: 9.201 GC heap after
Heap after GC invocations=9 (full 1):
 PSYoungGen      total 449024K, used 45558K [0x0000000740e00000, 0x0000000761d80000, 0x00000007c0000000)
  eden space 403456K, 0% used [0x0000000740e00000,0x0000000740e00000,0x0000000759800000)
  from space 45568K, 99% used [0x000000075d280000,0x000000075fefda48,0x000000075ff00000)
  to   space 59904K, 0% used [0x0000000759800000,0x0000000759800000,0x000000075d280000)
 ParOldGen       total 189440K, used 74509K [0x0000000642a00000, 0x000000064e300000, 0x0000000740e00000)
  object space 189440K, 39% used [0x0000000642a00000,0x00000006472c37d8,0x000000064e300000)
 Metaspace       used 28118K, capacity 28942K, committed 29184K, reserved 1075200K
  class space    used 3073K, capacity 3253K, committed 3328K, reserved 1048576K
}

