# JRE version: Java(TM) SE Runtime Environment (8.0_361) (build 1.8.0_361-b09)
# Java VM: Java HotSpot(TM) 64-Bit Server VM (25.361-b09 mixed mode windows-amd64 compressed oops)
Heap:
 PSYoungGen      total 1097216K, used 626081K [0x0000000740e00000, 0x000000078ad80000, 0x00000007c0000000)
  eden space 1053696K, 59% used [0x0000000740e00000,0x0000000766d34460,0x0000000781300000)
  from space 43520K, 9% used [0x0000000781300000,0x0000000781734120,0x0000000783d80000)
  to   space 43008K, 0% used [0x0000000788380000,0x0000000788380000,0x000000078ad80000)
 ParOldGen       total 420352K, used 108191K [0x0000000642a00000, 0x000000065c480000, 0x0000000740e00000)
  object space 420352K, 25% used [0x0000000642a00000,0x00000006493a7f48,0x000000065c480000)
 Metaspace       used 101407K, capacity 108004K, committed 108096K, reserved 1144832K
  class space    used 12250K, capacity 13395K, committed 13400K, reserved 1048576K
GC Heap History (10 events):
Event: 36.911 GC heap before
{Heap before GC invocations=21 (full 3):
 PSYoungGen      total 919552K, used 644520K [0x0000000740e00000, 0x0000000782900000, 0x00000007c0000000)
  eden space 885248K, 68% used [0x0000000740e00000,0x00000007661f2140,0x0000000776e80000)
  from space 34304K, 99% used [0x0000000776e80000,0x0000000778ff81a0,0x0000000779000000)
  to   space 46080K, 0% used [0x000000077fc00000,0x000000077fc00000,0x0000000782900000)
 ParOldGen       total 246784K, used 77812K [0x0000000642a00000, 0x0000000651b00000, 0x0000000740e00000)
  object space 246784K, 31% used [0x0000000642a00000,0x00000006475fd2e0,0x0000000651b00000)
 Metaspace       used 92237K, capacity 98296K, committed 98496K, reserved 1136640K
  class space    used 11186K, capacity 12225K, committed 12248K, reserved 1048576K
Event: 36.932 GC heap after
Heap after GC invocations=21 (full 3):
 PSYoungGen      total 1010688K, used 14498K [0x0000000740e00000, 0x0000000781e00000, 0x00000007c0000000)
  eden space 975872K, 0% used [0x0000000740e00000,0x0000000740e00000,0x000000077c700000)
  from space 34816K, 41% used [0x000000077fc00000,0x0000000780a28838,0x0000000781e00000)
  to   space 44544K, 0% used [0x000000077c700000,0x000000077c700000,0x000000077f280000)
 ParOldGen       total 246784K, used 112113K [0x0000000642a00000, 0x0000000651b00000, 0x0000000740e00000)
  object space 246784K, 45% used [0x0000000642a00000,0x000000064977c5d8,0x0000000651b00000)
 Metaspace       used 92237K, capacity 98296K, committed 98496K, reserved 1136640K
  class space    used 11186K, capacity 12225K, committed 12248K, reserved 1048576K
}
Event: 36.932 GC heap before
{Heap before GC invocations=22 (full 4):
 PSYoungGen      total 1010688K, used 14498K [0x0000000740e00000, 0x0000000781e00000, 0x00000007c0000000)
  eden space 975872K, 0% used [0x0000000740e00000,0x0000000740e00000,0x000000077c700000)
  from space 34816K, 41% used [0x000000077fc00000,0x0000000780a28838,0x0000000781e00000)
  to   space 44544K, 0% used [0x000000077c700000,0x000000077c700000,0x000000077f280000)
 ParOldGen       total 246784K, used 112113K [0x0000000642a00000, 0x0000000651b00000, 0x0000000740e00000)
  object space 246784K, 45% used [0x0000000642a00000,0x000000064977c5d8,0x0000000651b00000)
 Metaspace       used 92237K, capacity 98296K, committed 98496K, reserved 1136640K
  class space    used 11186K, capacity 12225K, committed 12248K, reserved 1048576K
Event: 37.171 GC heap after
Heap after GC invocations=22 (full 4):
 PSYoungGen      total 1010688K, used 0K [0x0000000740e00000, 0x0000000781e00000, 0x00000007c0000000)
  eden space 975872K, 0% used [0x0000000740e00000,0x0000000740e00000,0x000000077c700000)
  from space 34816K, 0% used [0x000000077fc00000,0x000000077fc00000,0x0000000781e00000)
  to   space 44544K, 0% used [0x000000077c700000,0x000000077c700000,0x000000077f280000)
 ParOldGen       total 420352K, used 108175K [0x0000000642a00000, 0x000000065c480000, 0x0000000740e00000)
  object space 420352K, 25% used [0x0000000642a00000,0x00000006493a3f48,0x000000065c480000)
 Metaspace       used 92237K, capacity 98296K, committed 98496K, reserved 1136640K
  class space    used 11186K, capacity 12225K, committed 12248K, reserved 1048576K
}
Event: 54.565 GC heap before
{Heap before GC invocations=23 (full 4):
 PSYoungGen      total 1010688K, used 975872K [0x0000000740e00000, 0x0000000781e00000, 0x00000007c0000000)
  eden space 975872K, 100% used [0x0000000740e00000,0x000000077c700000,0x000000077c700000)
  from space 34816K, 0% used [0x000000077fc00000,0x000000077fc00000,0x0000000781e00000)
  to   space 44544K, 0% used [0x000000077c700000,0x000000077c700000,0x000000077f280000)
 ParOldGen       total 420352K, used 108175K [0x0000000642a00000, 0x000000065c480000, 0x0000000740e00000)
  object space 420352K, 25% used [0x0000000642a00000,0x00000006493a3f48,0x000000065c480000)
 Metaspace       used 99938K, capacity 106508K, committed 106560K, reserved 1142784K
  class space    used 12015K, capacity 13135K, committed 13144K, reserved 1048576K
Event: 54.574 GC heap after
Heap after GC invocations=23 (full 4):
 PSYoungGen      total 1020416K, used 9220K [0x0000000740e00000, 0x0000000787580000, 0x00000007c0000000)
  eden space 975872K, 0% used [0x0000000740e00000,0x0000000740e00000,0x000000077c700000)
  from space 44544K, 20% used [0x000000077c700000,0x000000077d0013d0,0x000000077f280000)
  to   space 43520K, 0% used [0x0000000784b00000,0x0000000784b00000,0x0000000787580000)
 ParOldGen       total 420352K, used 108183K [0x0000000642a00000, 0x000000065c480000, 0x0000000740e00000)
  object space 420352K, 25% used [0x0000000642a00000,0x00000006493a5f48,0x000000065c480000)
 Metaspace       used 99938K, capacity 106508K, committed 106560K, reserved 1142784K
  class space    used 12015K, capacity 13135K, committed 13144K, reserved 1048576K
}
Event: 58.213 GC heap before
{Heap before GC invocations=24 (full 4):
 PSYoungGen      total 1020416K, used 985092K [0x0000000740e00000, 0x0000000787580000, 0x00000007c0000000)
  eden space 975872K, 100% used [0x0000000740e00000,0x000000077c700000,0x000000077c700000)
  from space 44544K, 20% used [0x000000077c700000,0x000000077d0013d0,0x000000077f280000)
  to   space 43520K, 0% used [0x0000000784b00000,0x0000000784b00000,0x0000000787580000)
 ParOldGen       total 420352K, used 108183K [0x0000000642a00000, 0x000000065c480000, 0x0000000740e00000)
  object space 420352K, 25% used [0x0000000642a00000,0x00000006493a5f48,0x000000065c480000)
 Metaspace       used 99938K, capacity 106508K, committed 106560K, reserved 1142784K
  class space    used 12015K, capacity 13135K, committed 13144K, reserved 1048576K
Event: 58.219 GC heap after
Heap after GC invocations=24 (full 4):
 PSYoungGen      total 1083392K, used 4256K [0x0000000740e00000, 0x0000000786800000, 0x00000007c0000000)
  eden space 1053696K, 0% used [0x0000000740e00000,0x0000000740e00000,0x0000000781300000)
  from space 29696K, 14% used [0x0000000784b00000,0x0000000784f28110,0x0000000786800000)
  to   space 43520K, 0% used [0x0000000781300000,0x0000000781300000,0x0000000783d80000)
 ParOldGen       total 420352K, used 108183K [0x0000000642a00000, 0x000000065c480000, 0x0000000740e00000)
  object space 420352K, 25% used [0x0000000642a00000,0x00000006493a5f48,0x000000065c480000)
 Metaspace       used 99938K, capacity 106508K, committed 106560K, reserved 1142784K
  class space    used 12015K, capacity 13135K, committed 13144K, reserved 1048576K
}
Event: 61.281 GC heap before
{Heap before GC invocations=25 (full 4):
 PSYoungGen      total 1083392K, used 1057952K [0x0000000740e00000, 0x0000000786800000, 0x00000007c0000000)
  eden space 1053696K, 100% used [0x0000000740e00000,0x0000000781300000,0x0000000781300000)
  from space 29696K, 14% used [0x0000000784b00000,0x0000000784f28110,0x0000000786800000)
  to   space 43520K, 0% used [0x0000000781300000,0x0000000781300000,0x0000000783d80000)
 ParOldGen       total 420352K, used 108183K [0x0000000642a00000, 0x000000065c480000, 0x0000000740e00000)
  object space 420352K, 25% used [0x0000000642a00000,0x00000006493a5f48,0x000000065c480000)
 Metaspace       used 99940K, capacity 106508K, committed 106560K, reserved 1142784K
  class space    used 12015K, capacity 13135K, committed 13144K, reserved 1048576K
Event: 61.287 GC heap after
Heap after GC invocations=25 (full 4):
 PSYoungGen      total 1097216K, used 4304K [0x0000000740e00000, 0x000000078ad80000, 0x00000007c0000000)
  eden space 1053696K, 0% used [0x0000000740e00000,0x0000000740e00000,0x0000000781300000)
  from space 43520K, 9% used [0x0000000781300000,0x0000000781734120,0x0000000783d80000)
  to   space 43008K, 0% used [0x0000000788380000,0x0000000788380000,0x000000078ad80000)
 ParOldGen       total 420352K, used 108191K [0x0000000642a00000, 0x000000065c480000, 0x0000000740e00000)
  object space 420352K, 25% used [0x0000000642a00000,0x00000006493a7f48,0x000000065c480000)
 Metaspace       used 99940K, capacity 106508K, committed 106560K, reserved 1142784K
  class space    used 12015K, capacity 13135K, committed 13144K, reserved 1048576K
}

